# JRE version: Java(TM) SE Runtime Environment (17.0.5+9) (build 17.0.5+9-LTS-191)
# Java VM: Java HotSpot(TM) 64-Bit Server VM (17.0.5+9-LTS-191, mixed mode, emulated-client, sharing, tiered, compressed oops, compressed class ptrs, g1 gc, windows-amd64)
GC Precious Log:
 CPUs: 16 total, 16 available
 Memory: 24400M
 Large Page Support: Disabled
 NUMA Support: Disabled
 Compressed Oops: Enabled (Zero based)
 Heap Region Size: 4M
 Heap Min Capacity: 8M
 Heap Initial Capacity: 384M
 Heap Max Capacity: 6104M
 Pre-touch: Disabled
 Parallel Workers: 13
 Concurrent Workers: 3
 Concurrent Refinement Workers: 13
 Periodic GC: Disabled
Heap:
 garbage-first heap   total 286720K, used 107940K [0x0000000682800000, 0x0000000800000000)
  region size 4096K, 2 young (8192K), 2 survivors (8192K)
 Metaspace       used 78189K, committed 78848K, reserved 1122304K
  class space    used 11528K, committed 11840K, reserved 1048576K
GC Heap History (20 events):
Event: 1.533 GC heap after
{Heap after GC invocations=2 (full 0):
 garbage-first heap   total 393216K, used 18455K [0x0000000682800000, 0x0000000800000000)
  region size 4096K, 1 young (4096K), 1 survivors (4096K)
 Metaspace       used 3095K, committed 3328K, reserved 1056768K
  class space    used 356K, committed 448K, reserved 1048576K
}
Event: 2.143 GC heap before
{Heap before GC invocations=2 (full 0):
 garbage-first heap   total 393216K, used 43031K [0x0000000682800000, 0x0000000800000000)
  region size 4096K, 7 young (28672K), 1 survivors (4096K)
 Metaspace       used 3317K, committed 3520K, reserved 1056768K
  class space    used 399K, committed 512K, reserved 1048576K
}
Event: 2.149 GC heap after
{Heap after GC invocations=3 (full 0):
 garbage-first heap   total 393216K, used 31104K [0x0000000682800000, 0x0000000800000000)
  region size 4096K, 1 young (4096K), 1 survivors (4096K)
 Metaspace       used 3317K, committed 3520K, reserved 1056768K
  class space    used 399K, committed 512K, reserved 1048576K
}
Event: 2.241 GC heap before
{Heap before GC invocations=3 (full 0):
 garbage-first heap   total 393216K, used 63872K [0x0000000682800000, 0x0000000800000000)
  region size 4096K, 9 young (36864K), 1 survivors (4096K)
 Metaspace       used 3317K, committed 3520K, reserved 1056768K
  class space    used 399K, committed 512K, reserved 1048576K
}
Event: 2.247 GC heap after
{Heap after GC invocations=4 (full 0):
 garbage-first heap   total 393216K, used 39669K [0x0000000682800000, 0x0000000800000000)
  region size 4096K, 2 young (8192K), 2 survivors (8192K)
 Metaspace       used 3317K, committed 3520K, reserved 1056768K
  class space    used 399K, committed 512K, reserved 1048576K
}
Event: 2.565 GC heap before
{Heap before GC invocations=4 (full 0):
 garbage-first heap   total 393216K, used 97013K [0x0000000682800000, 0x0000000800000000)
  region size 4096K, 16 young (65536K), 2 survivors (8192K)
 Metaspace       used 4335K, committed 4544K, reserved 1056768K
  class space    used 533K, committed 640K, reserved 1048576K
}
Event: 2.580 GC heap after
{Heap after GC invocations=5 (full 0):
 garbage-first heap   total 393216K, used 55963K [0x0000000682800000, 0x0000000800000000)
  region size 4096K, 2 young (8192K), 2 survivors (8192K)
 Metaspace       used 4335K, committed 4544K, reserved 1056768K
  class space    used 533K, committed 640K, reserved 1048576K
}
Event: 3.507 GC heap before
{Heap before GC invocations=5 (full 0):
 garbage-first heap   total 393216K, used 129691K [0x0000000682800000, 0x0000000800000000)
  region size 4096K, 20 young (81920K), 2 survivors (8192K)
 Metaspace       used 13563K, committed 13824K, reserved 1064960K
  class space    used 1817K, committed 1920K, reserved 1048576K
}
Event: 3.515 GC heap after
{Heap after GC invocations=6 (full 0):
 garbage-first heap   total 393216K, used 63386K [0x0000000682800000, 0x0000000800000000)
  region size 4096K, 2 young (8192K), 2 survivors (8192K)
 Metaspace       used 13563K, committed 13824K, reserved 1064960K
  class space    used 1817K, committed 1920K, reserved 1048576K
}
Event: 3.833 GC heap before
{Heap before GC invocations=6 (full 0):
 garbage-first heap   total 393216K, used 141210K [0x0000000682800000, 0x0000000800000000)
  region size 4096K, 22 young (90112K), 2 survivors (8192K)
 Metaspace       used 21106K, committed 21504K, reserved 1073152K
  class space    used 2924K, committed 3136K, reserved 1048576K
}
Event: 3.840 GC heap after
{Heap after GC invocations=7 (full 0):
 garbage-first heap   total 393216K, used 69329K [0x0000000682800000, 0x0000000800000000)
  region size 4096K, 4 young (16384K), 4 survivors (16384K)
 Metaspace       used 21106K, committed 21504K, reserved 1073152K
  class space    used 2924K, committed 3136K, reserved 1048576K
}
Event: 4.231 GC heap before
{Heap before GC invocations=8 (full 0):
 garbage-first heap   total 286720K, used 167633K [0x0000000682800000, 0x0000000800000000)
  region size 4096K, 29 young (118784K), 4 survivors (16384K)
 Metaspace       used 37416K, committed 37888K, reserved 1089536K
  class space    used 5209K, committed 5440K, reserved 1048576K
}
Event: 4.239 GC heap after
{Heap after GC invocations=9 (full 0):
 garbage-first heap   total 286720K, used 73381K [0x0000000682800000, 0x0000000800000000)
  region size 4096K, 5 young (20480K), 5 survivors (20480K)
 Metaspace       used 37416K, committed 37888K, reserved 1089536K
  class space    used 5209K, committed 5440K, reserved 1048576K
}
Event: 8.052 GC heap before
{Heap before GC invocations=10 (full 0):
 garbage-first heap   total 286720K, used 212645K [0x0000000682800000, 0x0000000800000000)
  region size 4096K, 39 young (159744K), 5 survivors (20480K)
 Metaspace       used 61839K, committed 62336K, reserved 1105920K
  class space    used 8825K, committed 9024K, reserved 1048576K
}
Event: 8.066 GC heap after
{Heap after GC invocations=11 (full 0):
 garbage-first heap   total 286720K, used 84007K [0x0000000682800000, 0x0000000800000000)
  region size 4096K, 4 young (16384K), 4 survivors (16384K)
 Metaspace       used 61839K, committed 62336K, reserved 1105920K
  class space    used 8825K, committed 9024K, reserved 1048576K
}
Event: 16.936 GC heap before
{Heap before GC invocations=12 (full 0):
 garbage-first heap   total 286720K, used 206887K [0x0000000682800000, 0x0000000800000000)
  region size 4096K, 35 young (143360K), 4 survivors (16384K)
 Metaspace       used 64580K, committed 65088K, reserved 1105920K
  class space    used 9216K, committed 9472K, reserved 1048576K
}
Event: 16.948 GC heap after
{Heap after GC invocations=13 (full 0):
 garbage-first heap   total 286720K, used 99550K [0x0000000682800000, 0x0000000800000000)
  region size 4096K, 5 young (20480K), 5 survivors (20480K)
 Metaspace       used 64580K, committed 65088K, reserved 1105920K
  class space    used 9216K, committed 9472K, reserved 1048576K
}
Event: 17.478 GC heap before
{Heap before GC invocations=13 (full 0):
 garbage-first heap   total 286720K, used 210142K [0x0000000682800000, 0x0000000800000000)
  region size 4096K, 32 young (131072K), 5 survivors (20480K)
 Metaspace       used 70466K, committed 71104K, reserved 1114112K
  class space    used 10140K, committed 10432K, reserved 1048576K
}
Event: 17.489 GC heap after
{Heap after GC invocations=14 (full 0):
 garbage-first heap   total 286720K, used 110668K [0x0000000682800000, 0x0000000800000000)
  region size 4096K, 4 young (16384K), 4 survivors (16384K)
 Metaspace       used 70466K, committed 71104K, reserved 1114112K
  class space    used 10140K, committed 10432K, reserved 1048576K
}
Event: 17.764 GC heap before
{Heap before GC invocations=14 (full 0):
 garbage-first heap   total 286720K, used 208972K [0x0000000682800000, 0x0000000800000000)
  region size 4096K, 29 young (118784K), 4 survivors (16384K)
 Metaspace       used 78189K, committed 78848K, reserved 1122304K
  class space    used 11528K, committed 11840K, reserved 1048576K
}

