# JRE version: Java(TM) SE Runtime Environment (19.0.2+7) (build 19.0.2+7-44)
# Java VM: Java HotSpot(TM) 64-Bit Server VM (19.0.2+7-44, mixed mode, sharing, tiered, compressed oops, compressed class ptrs, g1 gc, windows-amd64)
GC Precious Log:
 CardTable entry size: 512
 Card Set container configuration: InlinePtr #cards 4 size 8 Array Of Cards #cards 32 size 80 Howl #buckets 8 coarsen threshold 7372 Howl Bitmap #cards 1024 size 144 coarsen threshold 921 Card regions per heap region 1 cards per card region 8192
 CPUs: 16 total, 16 available
 Memory: 24400M
 Large Page Support: Disabled
 NUMA Support: Disabled
 Compressed Oops: Enabled (Zero based)
 Heap Region Size: 4M
 Heap Min Capacity: 8M
 Heap Initial Capacity: 384M
 Heap Max Capacity: 6104M
 Pre-touch: Disabled
 Parallel Workers: 13
 Concurrent Workers: 3
 Concurrent Refinement Workers: 13
 Periodic GC: Disabled
Heap:
 garbage-first heap   total 647168K, used 284962K [0x0000000682800000, 0x0000000800000000)
  region size 4096K, 33 young (135168K), 4 survivors (16384K)
 Metaspace       used 29264K, committed 29760K, reserved 1114112K
  class space    used 3153K, committed 3392K, reserved 1048576K
GC Heap History (20 events):
Event: 0.773 GC heap before
{Heap before GC invocations=1 (full 0):
 garbage-first heap   total 393216K, used 20072K [0x0000000682800000, 0x0000000800000000)
  region size 4096K, 6 young (24576K), 1 survivors (4096K)
 Metaspace       used 7303K, committed 7488K, reserved 1114112K
  class space    used 821K, committed 896K, reserved 1048576K
}
Event: 0.775 GC heap after
{Heap after GC invocations=2 (full 0):
 garbage-first heap   total 393216K, used 4507K [0x0000000682800000, 0x0000000800000000)
  region size 4096K, 1 young (4096K), 1 survivors (4096K)
 Metaspace       used 7303K, committed 7488K, reserved 1114112K
  class space    used 821K, committed 896K, reserved 1048576K
}
Event: 1.768 GC heap before
{Heap before GC invocations=2 (full 0):
 garbage-first heap   total 393216K, used 61851K [0x0000000682800000, 0x0000000800000000)
  region size 4096K, 16 young (65536K), 1 survivors (4096K)
 Metaspace       used 15256K, committed 15552K, reserved 1114112K
  class space    used 1711K, committed 1856K, reserved 1048576K
}
Event: 1.772 GC heap after
{Heap after GC invocations=3 (full 0):
 garbage-first heap   total 393216K, used 10861K [0x0000000682800000, 0x0000000800000000)
  region size 4096K, 2 young (8192K), 2 survivors (8192K)
 Metaspace       used 15256K, committed 15552K, reserved 1114112K
  class space    used 1711K, committed 1856K, reserved 1048576K
}
Event: 3.832 GC heap before
{Heap before GC invocations=3 (full 0):
 garbage-first heap   total 393216K, used 203373K [0x0000000682800000, 0x0000000800000000)
  region size 4096K, 49 young (200704K), 2 survivors (8192K)
 Metaspace       used 17850K, committed 18176K, reserved 1114112K
  class space    used 1896K, committed 2048K, reserved 1048576K
}
Event: 3.848 GC heap after
{Heap after GC invocations=4 (full 0):
 garbage-first heap   total 393216K, used 35743K [0x0000000682800000, 0x0000000800000000)
  region size 4096K, 7 young (28672K), 7 survivors (28672K)
 Metaspace       used 17850K, committed 18176K, reserved 1114112K
  class space    used 1896K, committed 2048K, reserved 1048576K
}
Event: 4.659 GC heap before
{Heap before GC invocations=4 (full 0):
 garbage-first heap   total 393216K, used 191391K [0x0000000682800000, 0x0000000800000000)
  region size 4096K, 45 young (184320K), 7 survivors (28672K)
 Metaspace       used 17993K, committed 18240K, reserved 1114112K
  class space    used 1900K, committed 2048K, reserved 1048576K
}
Event: 4.679 GC heap after
{Heap after GC invocations=5 (full 0):
 garbage-first heap   total 393216K, used 58583K [0x0000000682800000, 0x0000000800000000)
  region size 4096K, 6 young (24576K), 6 survivors (24576K)
 Metaspace       used 17993K, committed 18240K, reserved 1114112K
  class space    used 1900K, committed 2048K, reserved 1048576K
}
Event: 6.280 GC heap before
{Heap before GC invocations=5 (full 0):
 garbage-first heap   total 393216K, used 210135K [0x0000000682800000, 0x0000000800000000)
  region size 4096K, 43 young (176128K), 6 survivors (24576K)
 Metaspace       used 18109K, committed 18432K, reserved 1114112K
  class space    used 1903K, committed 2048K, reserved 1048576K
}
Event: 6.298 GC heap after
{Heap after GC invocations=6 (full 0):
 garbage-first heap   total 393216K, used 81920K [0x0000000682800000, 0x0000000800000000)
  region size 4096K, 6 young (24576K), 6 survivors (24576K)
 Metaspace       used 18109K, committed 18432K, reserved 1114112K
  class space    used 1903K, committed 2048K, reserved 1048576K
}
Event: 7.652 GC heap before
{Heap before GC invocations=6 (full 0):
 garbage-first heap   total 393216K, used 131072K [0x0000000682800000, 0x0000000800000000)
  region size 4096K, 19 young (77824K), 6 survivors (24576K)
 Metaspace       used 21135K, committed 21504K, reserved 1114112K
  class space    used 2219K, committed 2432K, reserved 1048576K
}
Event: 7.660 GC heap after
{Heap after GC invocations=7 (full 0):
 garbage-first heap   total 393216K, used 87392K [0x0000000682800000, 0x0000000800000000)
  region size 4096K, 2 young (8192K), 2 survivors (8192K)
 Metaspace       used 21135K, committed 21504K, reserved 1114112K
  class space    used 2219K, committed 2432K, reserved 1048576K
}
Event: 11.250 GC heap before
{Heap before GC invocations=8 (full 0):
 garbage-first heap   total 315392K, used 263520K [0x0000000682800000, 0x0000000800000000)
  region size 4096K, 46 young (188416K), 2 survivors (8192K)
 Metaspace       used 21940K, committed 22272K, reserved 1114112K
  class space    used 2289K, committed 2432K, reserved 1048576K
}
Event: 11.263 GC heap after
{Heap after GC invocations=9 (full 0):
 garbage-first heap   total 315392K, used 124095K [0x0000000682800000, 0x0000000800000000)
  region size 4096K, 6 young (24576K), 6 survivors (24576K)
 Metaspace       used 21940K, committed 22272K, reserved 1114112K
  class space    used 2289K, committed 2432K, reserved 1048576K
}
Event: 11.273 GC heap before
{Heap before GC invocations=9 (full 0):
 garbage-first heap   total 315392K, used 128191K [0x0000000682800000, 0x0000000800000000)
  region size 4096K, 7 young (28672K), 6 survivors (24576K)
 Metaspace       used 21945K, committed 22272K, reserved 1114112K
  class space    used 2289K, committed 2432K, reserved 1048576K
}
Event: 11.283 GC heap after
{Heap after GC invocations=10 (full 0):
 garbage-first heap   total 315392K, used 127172K [0x0000000682800000, 0x0000000800000000)
  region size 4096K, 1 young (4096K), 1 survivors (4096K)
 Metaspace       used 21945K, committed 22272K, reserved 1114112K
  class space    used 2289K, committed 2432K, reserved 1048576K
}
Event: 11.544 GC heap before
{Heap before GC invocations=10 (full 0):
 garbage-first heap   total 315392K, used 233668K [0x0000000682800000, 0x0000000800000000)
  region size 4096K, 27 young (110592K), 1 survivors (4096K)
 Metaspace       used 21970K, committed 22336K, reserved 1114112K
  class space    used 2289K, committed 2432K, reserved 1048576K
}
Event: 11.550 GC heap after
{Heap after GC invocations=11 (full 0):
 garbage-first heap   total 315392K, used 143905K [0x0000000682800000, 0x0000000800000000)
  region size 4096K, 4 young (16384K), 4 survivors (16384K)
 Metaspace       used 21970K, committed 22336K, reserved 1114112K
  class space    used 2289K, committed 2432K, reserved 1048576K
}
Event: 13.348 GC heap before
{Heap before GC invocations=11 (full 0):
 garbage-first heap   total 315392K, used 234017K [0x0000000682800000, 0x0000000800000000)
  region size 4096K, 27 young (110592K), 4 survivors (16384K)
 Metaspace       used 22319K, committed 22656K, reserved 1114112K
  class space    used 2324K, committed 2496K, reserved 1048576K
}
Event: 13.363 GC heap after
{Heap after GC invocations=12 (full 0):
 garbage-first heap   total 647168K, used 174370K [0x0000000682800000, 0x0000000800000000)
  region size 4096K, 4 young (16384K), 4 survivors (16384K)
 Metaspace       used 22319K, committed 22656K, reserved 1114112K
  class space    used 2324K, committed 2496K, reserved 1048576K
}

